Using pre-set license
Built from '2020.3/staging' branch; Version is '2020.3.10f1 (297d780c91bc) revision 2719096'; Using compiler version '192528614'; Build Type 'Release'
OS: 'Windows 10 Pro; OS build 19043.1586; Version 2009; 64bit' Language: 'en' Physical Memory: 16221 MB
BatchMode: 1, IsHumanControllingUs: 0, StartBugReporterOnCrash: 0, Is64bit: 1, IsPro: 0

 COMMAND LINE ARGUMENTS:
C:\Program Files\Unity\Hub\Editor\2020.3.10f1\Editor\Unity.exe
-adb2
-batchMode
-noUpm
-name
AssetImportWorker0
-projectPath
D:/ABI/ABI-PLY-MonsterParty-WorkaroundV2
-logFile
Logs/AssetImportWorker0.log
-srvPort
64551
Successfully changed project path to: D:/ABI/ABI-PLY-MonsterParty-WorkaroundV2
D:/ABI/ABI-PLY-MonsterParty-WorkaroundV2
Using Asset Import Pipeline V2.
Refreshing native plugins compatible for Editor in 21.57 ms, found 2 plugins.
Preloading 0 native plugins for Editor in 0.00 ms.
Initialize engine version: 2020.3.10f1 (297d780c91bc)
[Subsystems] Discovering subsystems at path C:/Program Files/Unity/Hub/Editor/2020.3.10f1/Editor/Data/Resources/UnitySubsystems
[Subsystems] Discovering subsystems at path D:/ABI/ABI-PLY-MonsterParty-WorkaroundV2/Assets
GfxDevice: creating device client; threaded=0
Direct3D:
    Version:  Direct3D 11.0 [level 11.1]
    Renderer: NVIDIA GeForce GTX 1650 (ID=0x2188)
    Vendor:   
    VRAM:     3962 MB
    Driver:   30.0.14.7141
Initialize mono
Mono path[0] = 'C:/Program Files/Unity/Hub/Editor/2020.3.10f1/Editor/Data/Managed'
Mono path[1] = 'C:/Program Files/Unity/Hub/Editor/2020.3.10f1/Editor/Data/MonoBleedingEdge/lib/mono/unityjit'
Mono config path = 'C:/Program Files/Unity/Hub/Editor/2020.3.10f1/Editor/Data/MonoBleedingEdge/etc'
Using monoOptions --debugger-agent=transport=dt_socket,embedding=1,server=y,suspend=n,address=127.0.0.1:56140
Begin MonoManager ReloadAssembly
Registering precompiled unity dll's ...
Register platform support module: C:/Program Files/Unity/Hub/Editor/2020.3.10f1/Editor/Data/PlaybackEngines/WindowsStandaloneSupport/UnityEditor.WindowsStandalone.Extensions.dll
Registered in 0.001421 seconds.
Native extension for WindowsStandalone target not found
Refreshing native plugins compatible for Editor in 20.59 ms, found 2 plugins.
Preloading 0 native plugins for Editor in 0.00 ms.
Mono: successfully reloaded assembly
- Completed reload, in  1.158 seconds
Platform modules already initialized, skipping
Registering precompiled user dll's ...
Registered in 0.002643 seconds.
Begin MonoManager ReloadAssembly
Native extension for WindowsStandalone target not found
Refreshing native plugins compatible for Editor in 0.25 ms, found 2 plugins.
Preloading 0 native plugins for Editor in 0.00 ms.
Mono: successfully reloaded assembly
- Completed reload, in  1.104 seconds
Platform modules already initialized, skipping
========================================================================
Worker process is ready to serve import requests
Launched and connected shader compiler UnityShaderCompiler.exe after 0.03 seconds
Refreshing native plugins compatible for Editor in 0.27 ms, found 2 plugins.
Preloading 0 native plugins for Editor in 0.00 ms.
Unloading 1411 Unused Serialized files (Serialized files now loaded: 0)
System memory in use before: 69.8 MB.
System memory in use after: 69.6 MB.

Unloading 25 unused Assets to reduce memory usage. Loaded Objects now: 1875.
Total: 1.847000 ms (FindLiveObjects: 0.100700 ms CreateObjectMapping: 0.031500 ms MarkObjects: 1.651500 ms  DeleteObjects: 0.062500 ms)

========================================================================
Received Import Request.
  path: Assets/SVC_Luna.asset
  artifactKey: Guid(a98030d8c1d9a5047b216a5c631e9aec) Importer(815301076,1909f56bfc062723c751e8b465ee728b)
Start importing Assets/SVC_Luna.asset using Guid(a98030d8c1d9a5047b216a5c631e9aec) Importer(815301076,1909f56bfc062723c751e8b465ee728b)  -> (artifact id: '7851398222fc1d21562253c08c2d09de') in 0.024000 seconds
  Import took 0.026987 seconds .

========================================================================
Received Import Request.
  Time since last request: 80.705221 seconds.
  path: Assets/_Scenes
  artifactKey: Guid(88e748b2d6319674ca1294a54d1a9ae5) Importer(815301076,1909f56bfc062723c751e8b465ee728b)
Start importing Assets/_Scenes using Guid(88e748b2d6319674ca1294a54d1a9ae5) Importer(815301076,1909f56bfc062723c751e8b465ee728b)  -> (artifact id: '4ee254e9dfbc1e4c29a4d6afcb825771') in 0.001411 seconds
  Import took 0.005303 seconds .

========================================================================
Received Import Request.
  Time since last request: 0.006122 seconds.
  path: Assets/_Scenes
  artifactKey: Guid(88e748b2d6319674ca1294a54d1a9ae5) Importer(815301076,1909f56bfc062723c751e8b465ee728b)
Start importing Assets/_Scenes using Guid(88e748b2d6319674ca1294a54d1a9ae5) Importer(815301076,1909f56bfc062723c751e8b465ee728b)  -> (artifact id: '4ee254e9dfbc1e4c29a4d6afcb825771') in 0.001631 seconds
  Import took 0.005245 seconds .

========================================================================
Received Import Request.
  Time since last request: 0.840016 seconds.
  path: Assets/_Scenes/GamePlay 2.unity
  artifactKey: Guid(9647d9315c3577e43bb0bc034303e4a4) Importer(815301076,1909f56bfc062723c751e8b465ee728b)
Start importing Assets/_Scenes/GamePlay 2.unity using Guid(9647d9315c3577e43bb0bc034303e4a4) Importer(815301076,1909f56bfc062723c751e8b465ee728b)  -> (artifact id: 'd39f9eba797f1b11fb9c5cb67820b11b') in 0.002171 seconds
  Import took 0.006179 seconds .

========================================================================
Received Prepare
Registering precompiled user dll's ...
Registered in 0.003913 seconds.
Begin MonoManager ReloadAssembly
Native extension for WindowsStandalone target not found
Refreshing native plugins compatible for Editor in 0.33 ms, found 2 plugins.
Preloading 0 native plugins for Editor in 0.00 ms.
Mono: successfully reloaded assembly
- Completed reload, in  1.206 seconds
Platform modules already initialized, skipping
Switching build target platform(19) subTarget(0) extendedPlatform(0) -> platform(13) subTarget(537395200) extendedPlatform(0)
Refreshing native plugins compatible for Editor in 0.27 ms, found 2 plugins.
Preloading 0 native plugins for Editor in 0.00 ms.
Unloading 1408 Unused Serialized files (Serialized files now loaded: 0)
System memory in use before: 69.4 MB.
System memory in use after: 69.4 MB.

Unloading 20 unused Assets to reduce memory usage. Loaded Objects now: 1880.
Total: 2.470200 ms (FindLiveObjects: 0.166600 ms CreateObjectMapping: 0.044200 ms MarkObjects: 2.173500 ms  DeleteObjects: 0.084600 ms)

AssetImportParameters requested are different than current active one (requested -> active):
  custom:graphics/normal-map-encoding: 01000000000000000000000000000000 -> 02000000000000000000000000000000
========================================================================
Received Prepare
Refreshing native plugins compatible for Editor in 2.16 ms, found 2 plugins.
Preloading 0 native plugins for Editor in 0.00 ms.
Unloading 15 Unused Serialized files (Serialized files now loaded: 0)
System memory in use before: 41.8 MB.
System memory in use after: 41.9 MB.

Unloading 15 unused Assets to reduce memory usage. Loaded Objects now: 1880.
Total: 1.915500 ms (FindLiveObjects: 0.100600 ms CreateObjectMapping: 0.044600 ms MarkObjects: 1.747300 ms  DeleteObjects: 0.022200 ms)

AssetImportWorkerClient::OnTransportError - code=2 error=End of file
